<?xml version="1.0" encoding="UTF-8"?>
<!-- Generated by org.testng.reporters.JUnitReportReporter -->
<testsuite hostname="DESKTOP-PML81LI" failures="0" tests="1" name="test.com.SipclubTest" time="17.561" errors="0" timestamp="20 Dec 2024 22:42:36 GMT">
  <testcase classname="test.com.SipclubTest" name="testSipclubTestCase" time="17.561"/>
</testsuite> <!-- test.com.SipclubTest -->
