<?xml version="1.0" encoding="UTF-8"?>
<!-- Generated by org.testng.reporters.JUnitReportReporter -->
<testsuite hostname="Rode" failures="0" tests="1" name="test.com.sipclub.SipclubTest" time="12.964" errors="0" timestamp="19 Dec 2024 00:37:19 GMT">
  <testcase classname="test.com.sipclub.SipclubTest" name="testSipclubTestCase" time="12.964"/>
</testsuite> <!-- test.com.sipclub.SipclubTest -->
