<?xml version="1.0" encoding="UTF-8"?>
<!-- Generated by org.testng.reporters.JUnitReportReporter -->
<testsuite hostname="Rode" failures="0" tests="1" name="test.com.SipclubTest" time="22.189" errors="0" timestamp="19 Dec 2024 19:25:33 GMT">
  <testcase classname="test.com.SipclubTest" name="testSipclubTestCase" time="22.189"/>
</testsuite> <!-- test.com.SipclubTest -->
